<?xml version="1.0" encoding="UTF-8"?>
<!-- Generated by org.testng.reporters.JUnitXMLReporter -->
<testsuite hostname="PUNITP289549L" name="Test" tests="3" failures="0" timestamp="6 Jul 2020 11:47:15 GMT" time="0.546" errors="0">
  <testcase name="validateURL" time="0.025" classname="TestCases.HomeTestCases"/>
  <testcase name="validatetitle" time="0.015" classname="TestCases.HomeTestCases"/>
  <testcase name="signin" time="0.48" classname="TestCases.HomeTestCases"/>
</testsuite> <!-- Test -->
